-------------------------------------------------------------------------------
Test set: TestSuite
-------------------------------------------------------------------------------
Tests run: 3, Failures: 1, Errors: 0, Skipped: 1, Time elapsed: 17.371 s <<< FAILURE! - in TestSuite
ProjectOne.com.One.App.loginTest  Time elapsed: 5.101 s  <<< FAILURE!
java.lang.AssertionError: expected [nopCommerce demo store123] but found [nopCommerce demo store. Login]
	at ProjectOne.com.One.App.loginTest(App.java:64)

